Unity Editor version:    2022.3.23f1 (dbb3f7c5b5c6)
Branch:                  2022.3/staging
Build type:              Release
Batch mode:              YES
System name:             Linux
Distro version:          #1 SMP PREEMPT_DYNAMIC Wed, 17 Apr 2024 15:20:28 +0000
Kernel version:          6.8.7-arch1-1
Architecture:            x86_64
Available memory:        15656 MB
Using pre-set license
Pro License: YES
Gtk-Message: 00:47:52.992: Failed to load module "canberra-gtk-module"
Gtk-Message: 00:47:52.992: Failed to load module "canberra-gtk-module"

(Unity:790): Gtk-CRITICAL **: 00:47:52.997: gtk_window_set_default_icon: assertion 'GDK_IS_PIXBUF (icon)' failed

(Unity:790): GLib-GObject-CRITICAL **: 00:47:52.997: g_object_unref: assertion 'G_IS_OBJECT (object)' failed
Desktop is 1920 x 1080 @ 60 Hz
Initialize udev device monitor.

COMMAND LINE ARGUMENTS:
Unity
-adb2
-batchMode
-noUpm
-name
AssetImportWorker1
-projectPath
/home/chiral/Project/tkc_front
-logFile
Logs/AssetImportWorker1.log
-srvPort
39115
Successfully changed project path to: /home/chiral/Project/tkc_front
/home/chiral/Project/tkc_front
[UnityMemory] Configuration Parameters - Can be set up in boot.config
    "memorysetup-bucket-allocator-granularity=16"
    "memorysetup-bucket-allocator-bucket-count=8"
    "memorysetup-bucket-allocator-block-size=33554432"
    "memorysetup-bucket-allocator-block-count=8"
    "memorysetup-main-allocator-block-size=16777216"
    "memorysetup-thread-allocator-block-size=16777216"
    "memorysetup-gfx-main-allocator-block-size=16777216"
    "memorysetup-gfx-thread-allocator-block-size=16777216"
    "memorysetup-cache-allocator-block-size=4194304"
    "memorysetup-typetree-allocator-block-size=2097152"
    "memorysetup-profiler-bucket-allocator-granularity=16"
    "memorysetup-profiler-bucket-allocator-bucket-count=8"
    "memorysetup-profiler-bucket-allocator-block-size=33554432"
    "memorysetup-profiler-bucket-allocator-block-count=8"
    "memorysetup-profiler-allocator-block-size=16777216"
    "memorysetup-profiler-editor-allocator-block-size=1048576"
    "memorysetup-temp-allocator-size-main=16777216"
    "memorysetup-job-temp-allocator-block-size=2097152"
    "memorysetup-job-temp-allocator-block-size-background=1048576"
    "memorysetup-job-temp-allocator-reduction-small-platforms=262144"
    "memorysetup-allocator-temp-initial-block-size-main=262144"
    "memorysetup-allocator-temp-initial-block-size-worker=262144"
    "memorysetup-temp-allocator-size-background-worker=32768"
    "memorysetup-temp-allocator-size-job-worker=262144"
    "memorysetup-temp-allocator-size-preload-manager=33554432"
    "memorysetup-temp-allocator-size-nav-mesh-worker=65536"
    "memorysetup-temp-allocator-size-audio-worker=65536"
    "memorysetup-temp-allocator-size-cloud-worker=32768"
    "memorysetup-temp-allocator-size-gi-baking-worker=262144"
    "memorysetup-temp-allocator-size-gfx=262144"
Player connection [131933208359616] Host "[IP] 192.168.0.2 [Port] 0 [Flags] 2 [Guid] 2637217605 [EditorId] 2637217605 [Version] 1048832 [Id] LinuxEditor(16,192.168.0.2) [Debug] 1 [PackageName] LinuxEditor [ProjectName] Editor" joined multi-casting on [225.0.0.222:54997]...

Player connection [131933208359616] Host "[IP] 192.168.0.2 [Port] 0 [Flags] 2 [Guid] 2637217605 [EditorId] 2637217605 [Version] 1048832 [Id] LinuxEditor(16,192.168.0.2) [Debug] 1 [PackageName] LinuxEditor [ProjectName] Editor" joined alternative multi-casting on [225.0.0.222:34997]...

[Physics::Module] Initialized MultithreadedJobDispatcher with 19 workers.
Refreshing native plugins compatible for Editor in 2.17 ms, found 1 plugins.
Preloading 0 native plugins for Editor in 0.00 ms.
Initialize engine version: 2022.3.23f1 (dbb3f7c5b5c6)
[Subsystems] Discovering subsystems at path /home/chiral/Unity/Hub/Editor/2022.3.23f1/Editor/Data/Resources/UnitySubsystems
[Subsystems] Discovering subsystems at path /home/chiral/Project/tkc_front/Assets
GLX Extensions: GLX_ARB_get_proc_address GLX_ARB_multisample GLX_EXT_visual_info GLX_EXT_visual_rating GLX_EXT_import_context GLX_SGI_video_sync GLX_SGIX_fbconfig GLX_SGIX_pbuffer GLX_SGI_swap_control GLX_EXT_swap_control GLX_EXT_swap_control_tear GLX_EXT_buffer_age GLX_ARB_create_context GLX_ARB_create_context_profile GLX_NV_float_buffer GLX_ARB_fbconfig_float GLX_EXT_texture_from_pixmap GLX_EXT_framebuffer_sRGB GLX_NV_copy_image GLX_EXT_create_context_es_profile GLX_EXT_create_context_es2_profile GLX_ARB_create_context_no_error GLX_ARB_create_context_robustness GLX_NV_delay_before_swap GLX_EXT_stereo_tree GLX_ARB_context_flush_control GLX_NV_robustness_video_memory_purge GLX_NV_multigpu_context 
Renderer: NVIDIA GeForce RTX 3060 Laptop GPU/PCIe/SSE2
Vendor:   NVIDIA Corporation
Version:  4.5.0 NVIDIA 550.76
GLES:     0
 GL_AMD_multi_draw_indirect GL_AMD_seamless_cubemap_per_texture GL_AMD_vertex_shader_viewport_index GL_AMD_vertex_shader_layer GL_ARB_arrays_of_arrays GL_ARB_base_instance GL_ARB_bindless_texture GL_ARB_blend_func_extended GL_ARB_buffer_storage GL_ARB_clear_buffer_object GL_ARB_clear_texture GL_ARB_clip_control GL_ARB_color_buffer_float GL_ARB_compressed_texture_pixel_storage GL_ARB_conservative_depth GL_ARB_compute_shader GL_ARB_compute_variable_group_size GL_ARB_conditional_render_inverted GL_ARB_copy_buffer GL_ARB_copy_image GL_ARB_cull_distance GL_ARB_debug_output GL_ARB_depth_buffer_float GL_ARB_depth_clamp GL_ARB_depth_texture GL_ARB_derivative_control GL_ARB_direct_state_access GL_ARB_draw_buffers GL_ARB_draw_buffers_blend GL_ARB_draw_indirect GL_ARB_draw_elements_base_vertex GL_ARB_draw_instanced GL_ARB_enhanced_layouts GL_ARB_ES2_compatibility GL_ARB_ES3_compatibility GL_ARB_ES3_1_compatibility GL_ARB_ES3_2_compatibility GL_ARB_explicit_attrib_location GL_ARB_explicit_uniform_location GL_ARB_fragmen
t_coord_conventions GL_ARB_fragment_layer_viewport GL_ARB_fragment_program GL_ARB_fragment_program_shadow GL_ARB_fragment_shader GL_ARB_fragment_shader_interlock GL_ARB_framebuffer_no_attachments GL_ARB_framebuffer_object GL_ARB_framebuffer_sRGB GL_ARB_geometry_shader4 GL_ARB_get_program_binary GL_ARB_get_texture_sub_image GL_ARB_gl_spirv GL_ARB_gpu_shader5 GL_ARB_gpu_shader_fp64 GL_ARB_gpu_shader_int64 GL_ARB_half_float_pixel GL_ARB_half_float_vertex GL_ARB_imaging GL_ARB_indirect_parameters GL_ARB_instanced_arrays GL_ARB_internalformat_query GL_ARB_internalformat_query2 GL_ARB_invalidate_subdata GL_ARB_map_buffer_alignment GL_ARB_map_buffer_range GL_ARB_multi_bind GL_ARB_multi_draw_indirect GL_ARB_multisample GL_ARB_multitexture GL_ARB_occlusion_query GL_ARB_occlusion_query2 GL_ARB_parallel_shader_compile GL_ARB_pipeline_statistics_query GL_ARB_pixel_buffer_object GL_ARB_point_parameters GL_ARB_point_sprite GL_ARB_polygon_offset_clamp GL_ARB_post_depth_coverage GL_ARB_program_interface_query GL_ARB_provoki
ng_vertex GL_ARB_query_buffer_object GL_ARB_robust_buffer_access_behavior GL_ARB_robustness GL_ARB_sample_locations GL_ARB_sample_shading GL_ARB_sampler_objects GL_ARB_seamless_cube_map GL_ARB_seamless_cubemap_per_texture GL_ARB_separate_shader_objects GL_ARB_shader_atomic_counter_ops GL_ARB_shader_atomic_counters GL_ARB_shader_ballot GL_ARB_shader_bit_encoding GL_ARB_shader_clock GL_ARB_shader_draw_parameters GL_ARB_shader_group_vote GL_ARB_shader_image_load_store GL_ARB_shader_image_size GL_ARB_shader_objects GL_ARB_shader_precision GL_ARB_shader_storage_buffer_object GL_ARB_shader_subroutine GL_ARB_shader_texture_image_samples GL_ARB_shader_texture_lod GL_ARB_shading_language_100 GL_ARB_shader_viewport_layer_array GL_ARB_shading_language_420pack GL_ARB_shading_language_include GL_ARB_shading_language_packing GL_ARB_shadow GL_ARB_sparse_buffer GL_ARB_sparse_texture GL_ARB_sparse_texture2 GL_ARB_sparse_texture_clamp GL_ARB_spirv_extensions GL_ARB_stencil_texturing GL_ARB_sync GL_ARB_tessellation_shader GL_A
RB_texture_barrier GL_ARB_texture_border_clamp GL_ARB_texture_buffer_object GL_ARB_texture_buffer_object_rgb32 GL_ARB_texture_buffer_range GL_ARB_texture_compression GL_ARB_texture_compression_bptc GL_ARB_texture_compression_rgtc GL_ARB_texture_cube_map GL_ARB_texture_cube_map_array GL_ARB_texture_env_add GL_ARB_texture_env_combine GL_ARB_texture_env_crossbar GL_ARB_texture_env_dot3 GL_ARB_texture_filter_anisotropic GL_ARB_texture_filter_minmax GL_ARB_texture_float GL_ARB_texture_gather GL_ARB_texture_mirror_clamp_to_edge GL_ARB_texture_mirrored_repeat GL_ARB_texture_multisample GL_ARB_texture_non_power_of_two GL_ARB_texture_query_levels GL_ARB_texture_query_lod GL_ARB_texture_rectangle GL_ARB_texture_rg GL_ARB_texture_rgb10_a2ui GL_ARB_texture_stencil8 GL_ARB_texture_storage GL_ARB_texture_storage_multisample GL_ARB_texture_swizzle GL_ARB_texture_view GL_ARB_timer_query GL_ARB_transform_feedback2 GL_ARB_transform_feedback3 GL_ARB_transform_feedback_instanced GL_ARB_transform_feedback_overflow_query GL_ARB_t
ranspose_matrix GL_ARB_uniform_buffer_object GL_ARB_vertex_array_bgra GL_ARB_vertex_array_object GL_ARB_vertex_attrib_64bit GL_ARB_vertex_attrib_binding GL_ARB_vertex_buffer_object GL_ARB_vertex_program GL_ARB_vertex_shader GL_ARB_vertex_type_10f_11f_11f_rev GL_ARB_vertex_type_2_10_10_10_rev GL_ARB_viewport_array GL_ARB_window_pos GL_ATI_draw_buffers GL_ATI_texture_float GL_ATI_texture_mirror_once GL_S3_s3tc GL_EXT_texture_env_add GL_EXT_abgr GL_EXT_bgra GL_EXT_bindable_uniform GL_EXT_blend_color GL_EXT_blend_equation_separate GL_EXT_blend_func_separate GL_EXT_blend_minmax GL_EXT_blend_subtract GL_EXT_compiled_vertex_array GL_EXT_Cg_shader GL_EXT_depth_bounds_test GL_EXT_direct_state_access GL_EXT_draw_buffers2 GL_EXT_draw_instanced GL_EXT_draw_range_elements GL_EXT_fog_coord GL_EXT_framebuffer_blit GL_EXT_framebuffer_multisample GL_EXTX_framebuffer_mixed_formats GL_EXT_framebuffer_multisample_blit_scaled GL_EXT_framebuffer_object GL_EXT_framebuffer_sRGB GL_EXT_geometry_shader4 GL_EXT_gpu_program_parameters 
GL_EXT_gpu_shader4 GL_EXT_multi_draw_arrays GL_EXT_multiview_texture_multisample GL_EXT_multiview_timer_query GL_EXT_packed_depth_stencil GL_EXT_packed_float GL_EXT_packed_pixels GL_EXT_pixel_buffer_object GL_EXT_point_parameters GL_EXT_polygon_offset_clamp GL_EXT_post_depth_coverage GL_EXT_provoking_vertex GL_EXT_raster_multisample GL_EXT_rescale_normal GL_EXT_secondary_color GL_EXT_separate_shader_objects GL_EXT_separate_specular_color GL_EXT_shader_image_load_formatted GL_EXT_shader_image_load_store GL_EXT_shader_integer_mix GL_EXT_shadow_funcs GL_EXT_sparse_texture2 GL_EXT_stencil_two_side GL_EXT_stencil_wrap GL_EXT_texture3D GL_EXT_texture_array GL_EXT_texture_buffer_object GL_EXT_texture_compression_dxt1 GL_EXT_texture_compression_latc GL_EXT_texture_compression_rgtc GL_EXT_texture_compression_s3tc GL_EXT_texture_cube_map GL_EXT_texture_edge_clamp GL_EXT_texture_env_combine GL_EXT_texture_env_dot3 GL_EXT_texture_filter_anisotropic GL_EXT_texture_filter_minmax GL_EXT_texture_integer GL_EXT_texture_lod G
L_EXT_texture_lod_bias GL_EXT_texture_mirror_clamp GL_EXT_texture_object GL_EXT_texture_shadow_lod GL_EXT_texture_shared_exponent GL_EXT_texture_sRGB GL_EXT_texture_sRGB_R8 GL_EXT_texture_sRGB_decode GL_EXT_texture_storage GL_EXT_texture_swizzle GL_EXT_timer_query GL_EXT_transform_feedback2 GL_EXT_vertex_array GL_EXT_vertex_array_bgra GL_EXT_vertex_attrib_64bit GL_EXT_window_rectangles GL_EXT_x11_sync_object GL_EXT_import_sync_object GL_NV_robustness_video_memory_purge GL_IBM_rasterpos_clip GL_IBM_texture_mirrored_repeat GL_KHR_context_flush_control GL_KHR_debug GL_EXT_memory_object GL_EXT_memory_object_fd GL_NV_memory_object_sparse GL_KHR_parallel_shader_compile GL_KHR_no_error GL_KHR_robust_buffer_access_behavior GL_KHR_robustness GL_EXT_semaphore GL_EXT_semaphore_fd GL_NV_timeline_semaphore GL_KHR_shader_subgroup GL_KTX_buffer_region GL_NV_alpha_to_coverage_dither_control GL_NV_bindless_multi_draw_indirect GL_NV_bindless_multi_draw_indirect_count GL_NV_bindless_texture GL_NV_blend_equation_advanced GL_NV_
blend_equation_advanced_coherent GL_NVX_blend_equation_advanced_multi_draw_buffers GL_NV_blend_minmax_factor GL_NV_blend_square GL_NV_clip_space_w_scaling GL_NV_command_list GL_NV_compute_program5 GL_NV_compute_shader_derivatives GL_NV_conditional_render GL_NV_conservative_raster GL_NV_conservative_raster_dilate GL_NV_conservative_raster_pre_snap GL_NV_conservative_raster_pre_snap_triangles GL_NV_conservative_raster_underestimation GL_NV_copy_depth_to_color GL_NV_copy_image GL_NV_depth_buffer_float GL_NV_depth_clamp GL_NV_draw_texture GL_NV_draw_vulkan_image GL_NV_ES1_1_compatibility GL_NV_ES3_1_compatibility GL_NV_explicit_multisample GL_NV_feature_query GL_NV_fence GL_NV_fill_rectangle GL_NV_float_buffer GL_NV_fog_distance GL_NV_fragment_coverage_to_color GL_NV_fragment_program GL_NV_fragment_program_option GL_NV_fragment_program2 GL_NV_fragment_shader_barycentric GL_NV_fragment_shader_interlock GL_NV_framebuffer_mixed_samples GL_NV_framebuffer_multisample_coverage GL_NV_geometry_shader4 GL_NV_geometry_sha
der_passthrough GL_NV_gpu_program4 GL_NV_internalformat_sample_query GL_NV_gpu_program4_1 GL_NV_gpu_program5 GL_NV_gpu_program5_mem_extended GL_NV_gpu_program_fp64 GL_NV_gpu_shader5 GL_NV_half_float GL_NV_light_max_exponent GL_NV_memory_attachment GL_NV_mesh_shader GL_NV_multisample_coverage GL_NV_multisample_filter_hint GL_NV_occlusion_query GL_NV_packed_depth_stencil GL_NV_parameter_buffer_object GL_NV_parameter_buffer_object2 GL_NV_path_rendering GL_NV_path_rendering_shared_edge GL_NV_pixel_data_range GL_NV_point_sprite GL_NV_primitive_restart GL_NV_primitive_shading_rate GL_NV_query_resource GL_NV_query_resource_tag GL_NV_register_combiners GL_NV_register_combiners2 GL_NV_representative_fragment_test GL_NV_sample_locations GL_NV_sample_mask_override_coverage GL_NV_scissor_exclusive GL_NV_shader_atomic_counters GL_NV_shader_atomic_float GL_NV_shader_atomic_float64 GL_NV_shader_atomic_fp16_vector GL_NV_shader_atomic_int64 GL_NV_shader_buffer_load GL_NV_shader_storage_buffer_object GL_NV_shader_subgroup_par
titioned GL_NV_shader_texture_footprint GL_NV_shading_rate_image GL_NV_stereo_view_rendering GL_NV_texgen_reflection GL_NV_texture_barrier GL_NV_texture_compression_vtc GL_NV_texture_dirty_tile_map GL_NV_texture_env_combine4 GL_NV_texture_multisample GL_NV_texture_rectangle GL_NV_texture_rectangle_compressed GL_NV_texture_shader GL_NV_texture_shader2 GL_NV_texture_shader3 GL_NV_transform_feedback GL_NV_transform_feedback2 GL_NV_uniform_buffer_unified_memory GL_NV_uniform_buffer_std430_layout GL_NV_vdpau_interop GL_NV_vdpau_interop2 GL_NV_vertex_array_range GL_NV_vertex_array_range2 GL_NV_vertex_attrib_integer_64bit GL_NV_vertex_buffer_unified_memory GL_NV_vertex_program GL_NV_vertex_program1_1 GL_NV_vertex_program2 GL_NV_vertex_program2_option GL_NV_vertex_program3 GL_NV_viewport_array2 GL_NV_viewport_swizzle GL_NVX_conditional_render GL_NV_gpu_multicast GL_NVX_progress_fence GL_NVX_gpu_memory_info GL_NVX_nvenc_interop GL_NV_shader_thread_group GL_NV_shader_thread_shuffle GL_KHR_blend_equation_advanced GL_KH
R_blend_equation_advanced_coherent GL_OVR_multiview GL_OVR_multiview2 GL_SGIS_generate_mipmap GL_SGIS_texture_lod GL_SGIX_depth_texture GL_SGIX_shadow GL_SUN_slice_accum
OPENGL LOG: Creating OpenGL 4.5 graphics device ; Context level  <OpenGL 4.5> ; Context handle -31983304
Initialize mono
Mono path[0] = '/home/chiral/Unity/Hub/Editor/2022.3.23f1/Editor/Data/Managed'
Mono path[1] = '/home/chiral/Unity/Hub/Editor/2022.3.23f1/Editor/Data/MonoBleedingEdge/lib/mono/unityjit-linux'
Mono config path = '/home/chiral/Unity/Hub/Editor/2022.3.23f1/Editor/Data/MonoBleedingEdge/etc'
Using monoOptions --debugger-agent=transport=dt_socket,embedding=1,server=y,suspend=n,address=127.0.0.1:56790
Begin MonoManager ReloadAssembly
Registering precompiled unity dll's ...
Register platform support module: /home/chiral/Unity/Hub/Editor/2022.3.23f1/Editor/Data/PlaybackEngines/WebGLSupport/UnityEditor.WebGL.Extensions.dll
Register platform support module: /home/chiral/Unity/Hub/Editor/2022.3.23f1/Editor/Data/PlaybackEngines/LinuxStandaloneSupport/UnityEditor.LinuxStandalone.Extensions.dll
Registered in 0.003439 seconds.
- Loaded All Assemblies, in  0.209 seconds
Native extension for LinuxStandalone target not found
Native extension for WebGL target not found
Mono: successfully reloaded assembly
- Finished resetting the current domain, in  0.204 seconds
Domain Reload Profiling: 413ms
	BeginReloadAssembly (46ms)
		ExecutionOrderSort (0ms)
		DisableScriptedObjects (0ms)
		BackupInstance (0ms)
		ReleaseScriptingObjects (0ms)
		CreateAndSetChildDomain (0ms)
	RebuildCommonClasses (24ms)
	RebuildNativeTypeToScriptingClass (5ms)
	initialDomainReloadingComplete (40ms)
	LoadAllAssembliesAndSetupDomain (94ms)
		LoadAssemblies (45ms)
		RebuildTransferFunctionScriptingTraits (0ms)
		AnalyzeDomain (93ms)
			TypeCache.Refresh (93ms)
				TypeCache.ScanAssembly (84ms)
			ScanForSourceGeneratedMonoScriptInfo (0ms)
			ResolveRequiredComponents (0ms)
	FinalizeReload (204ms)
		ReleaseScriptCaches (0ms)
		RebuildScriptCaches (0ms)
		SetupLoadedEditorAssemblies (161ms)
			LogAssemblyErrors (0ms)
			InitializePlatformSupportModulesInManaged (6ms)
			SetLoadedEditorAssemblies (4ms)
			RefreshPlugins (0ms)
			BeforeProcessingInitializeOnLoad (1ms)
			ProcessInitializeOnLoadAttributes (112ms)
			ProcessInitializeOnLoadMethodAttributes (37ms)
			AfterProcessingInitializeOnLoad (0ms)
			EditorAssembliesLoaded (0ms)
		ExecutionOrderSort2 (0ms)
		AwakeInstancesAfterBackupRestoration (0ms)
========================================================================
Worker process is ready to serve import requests
Begin MonoManager ReloadAssembly
- Loaded All Assemblies, in  0.404 seconds
Refreshing native plugins compatible for Editor in 1.15 ms, found 1 plugins.
Native extension for LinuxStandalone target not found
Native extension for WebGL target not found
Package Manager log level set to [2]
[Package Manager] Server::EnsureServerProcessIsRunning -- launch failed, reason: Unity was launched with the -noUpm command-line argument
[Package Manager] UpmClient::Send -- Unable to send message (not connected to UPM process).
[Package Manager] Cannot connect to Unity Package Manager local server
Mono: successfully reloaded assembly
- Finished resetting the current domain, in  0.498 seconds
Domain Reload Profiling: 901ms
	BeginReloadAssembly (76ms)
		ExecutionOrderSort (0ms)
		DisableScriptedObjects (4ms)
		BackupInstance (0ms)
		ReleaseScriptingObjects (0ms)
		CreateAndSetChildDomain (17ms)
	RebuildCommonClasses (24ms)
	RebuildNativeTypeToScriptingClass (5ms)
	initialDomainReloadingComplete (30ms)
	LoadAllAssembliesAndSetupDomain (268ms)
		LoadAssemblies (152ms)
		RebuildTransferFunctionScriptingTraits (0ms)
		AnalyzeDomain (149ms)
			TypeCache.Refresh (122ms)
				TypeCache.ScanAssembly (111ms)
			ScanForSourceGeneratedMonoScriptInfo (18ms)
			ResolveRequiredComponents (8ms)
	FinalizeReload (498ms)
		ReleaseScriptCaches (0ms)
		RebuildScriptCaches (0ms)
		SetupLoadedEditorAssemblies (365ms)
			LogAssemblyErrors (0ms)
			InitializePlatformSupportModulesInManaged (4ms)
			SetLoadedEditorAssemblies (5ms)
			RefreshPlugins (0ms)
			BeforeProcessingInitializeOnLoad (60ms)
			ProcessInitializeOnLoadAttributes (229ms)
			ProcessInitializeOnLoadMethodAttributes (64ms)
			AfterProcessingInitializeOnLoad (2ms)
			EditorAssembliesLoaded (0ms)
		ExecutionOrderSort2 (0ms)
		AwakeInstancesAfterBackupRestoration (5ms)
Launched and connected shader compiler UnityShaderCompiler after 0.01 seconds
Refreshing native plugins compatible for Editor in 1.16 ms, found 1 plugins.
Preloading 0 native plugins for Editor in 0.00 ms.
Unloading 5648 Unused Serialized files (Serialized files now loaded: 0)
Unloading 94 unused Assets / (476.5 KB). Loaded Objects now: 6102.
Memory consumption went from 202.8 MB to 202.3 MB.
Total: 4.853867 ms (FindLiveObjects: 0.235065 ms CreateObjectMapping: 0.236273 ms MarkObjects: 3.888145 ms  DeleteObjects: 0.493392 ms)

AssetImportParameters requested are different than current active one (requested -> active):
  custom:container-demuxer-ogg: 62fdf1f143b41e24485cea50d1cbac27 -> 
  custom:video-decoder-ogg-theora: a1e56fd34408186e4bbccfd4996cb3dc -> 
  custom:CustomObjectIndexerAttribute: f3847dcb39c2a616e8d79845aaae36f1 -> 
  custom:container-demuxer-webm: 4f35f7cbe854078d1ac9338744f61a02 -> 
  custom:container-muxer-webm: aa71ff27fc2769a1b78a27578f13a17b -> 
  custom:video-decoder-webm-vp8: 9c59270c3fd7afecdb556c50c9e8de78 -> 
  custom:SearchIndexIgnoredProperties: e643bd26f0fe6173181afceb89e7c659 -> 
  custom:AudioImporter_EditorPlatform: 2f0ff77a95e0ac474e3e8eeba4e2f7cb -> 
  custom:video-encoder-webm-vp8: eb34c28f22e8b96e1ab97ce403110664 -> 
  custom:audio-decoder-ogg-vorbis: bf7c407c2cedff20999df2af8eb42d56 -> 
  custom:audio-encoder-webm-vorbis: bf7c407c2cedff20999df2af8eb42d56 -> 
========================================================================
Received Import Request.
  Time since last request: 2400.024304 seconds.
  path: Assets/Mocapot/Fantasy Tileset/Sprites/isometric-tile_wood_01.png
  artifactKey: Guid(0e3c1464e21cefb45a502fb4dc3e4e54) Importer(815301076,1909f56bfc062723c751e8b465ee728b)
Start importing Assets/Mocapot/Fantasy Tileset/Sprites/isometric-tile_wood_01.png using Guid(0e3c1464e21cefb45a502fb4dc3e4e54) Importer(815301076,1909f56bfc062723c751e8b465ee728b)  -> (artifact id: 'b2c0d6a98c0582ff99d153445c19f5b0') in 0.061394 seconds
Number of updated asset objects reloaded before import = 0
Number of asset objects unloaded after import = 3
========================================================================
Received Import Request.
  Time since last request: 87.512393 seconds.
  path: Assets/Images/buildingPanel1.png
  artifactKey: Guid(8f6b2a77f1f0ea096b780e591da3aa50) Importer(815301076,1909f56bfc062723c751e8b465ee728b)
Start importing Assets/Images/buildingPanel1.png using Guid(8f6b2a77f1f0ea096b780e591da3aa50) Importer(815301076,1909f56bfc062723c751e8b465ee728b)  -> (artifact id: '85d3b1cc590a5f0e41c6899e1c6ca8fa') in 0.007540 seconds
Number of updated asset objects reloaded before import = 0
Number of asset objects unloaded after import = 3
========================================================================
Received Import Request.
  Time since last request: 0.009606 seconds.
  path: Assets/Images/buildingPanel_sub.png
  artifactKey: Guid(15054e0c448781abfafe9784af9d9032) Importer(815301076,1909f56bfc062723c751e8b465ee728b)
Start importing Assets/Images/buildingPanel_sub.png using Guid(15054e0c448781abfafe9784af9d9032) Importer(815301076,1909f56bfc062723c751e8b465ee728b)  -> (artifact id: 'e0a56a6716c2b3aa4737e420d8dcc30d') in 0.009726 seconds
Number of updated asset objects reloaded before import = 0
Number of asset objects unloaded after import = 3
========================================================================
Received Import Request.
  Time since last request: 5.770972 seconds.
  path: Assets/Assets/Fantasy Character Pixel Art Pack1/Resources/dot_chara_01_c03.png
  artifactKey: Guid(34a6cc1be4c61314eb5ba3eb9f5fd4c0) Importer(815301076,1909f56bfc062723c751e8b465ee728b)
Start importing Assets/Assets/Fantasy Character Pixel Art Pack1/Resources/dot_chara_01_c03.png using Guid(34a6cc1be4c61314eb5ba3eb9f5fd4c0) Importer(815301076,1909f56bfc062723c751e8b465ee728b)  -> (artifact id: 'c03ed68a5b0df64bf132376e12d28b69') in 0.065012 seconds
Number of updated asset objects reloaded before import = 0
Number of asset objects unloaded after import = 37
========================================================================
Received Import Request.
  Time since last request: 0.020353 seconds.
  path: Assets/Assets/Fantasy Character Pixel Art Pack1/Resources/dot_chara_02_c02.png
  artifactKey: Guid(e2e1d2286197c3144b141c3fbf922434) Importer(815301076,1909f56bfc062723c751e8b465ee728b)
Start importing Assets/Assets/Fantasy Character Pixel Art Pack1/Resources/dot_chara_02_c02.png using Guid(e2e1d2286197c3144b141c3fbf922434) Importer(815301076,1909f56bfc062723c751e8b465ee728b)  -> (artifact id: 'bfb384ad160ab4c0a4b7f3199b7fd0f9') in 0.051312 seconds
Number of updated asset objects reloaded before import = 0
Number of asset objects unloaded after import = 37
========================================================================
Received Import Request.
  Time since last request: 0.000011 seconds.
  path: Assets/Assets/Fantasy Character Pixel Art Pack1/Resources/dot_chara_03.png
  artifactKey: Guid(799cfaac91730a843bad68e66f87454f) Importer(815301076,1909f56bfc062723c751e8b465ee728b)
Start importing Assets/Assets/Fantasy Character Pixel Art Pack1/Resources/dot_chara_03.png using Guid(799cfaac91730a843bad68e66f87454f) Importer(815301076,1909f56bfc062723c751e8b465ee728b)  -> (artifact id: '8dd7da6a331c5b38ccb24643e7d9175c') in 0.058403 seconds
Number of updated asset objects reloaded before import = 0
Number of asset objects unloaded after import = 38
========================================================================
Received Import Request.
  Time since last request: 0.020582 seconds.
  path: Assets/Assets/Fantasy Character Pixel Art Pack1/Resources/dot_chara_03_c03.png
  artifactKey: Guid(78d6c85483f39b54ea9c8682930e66cf) Importer(815301076,1909f56bfc062723c751e8b465ee728b)
Start importing Assets/Assets/Fantasy Character Pixel Art Pack1/Resources/dot_chara_03_c03.png using Guid(78d6c85483f39b54ea9c8682930e66cf) Importer(815301076,1909f56bfc062723c751e8b465ee728b)  -> (artifact id: 'ebe97fbb48d751dcf84039bc56ded2e3') in 0.051935 seconds
Number of updated asset objects reloaded before import = 0
Number of asset objects unloaded after import = 38
========================================================================
Received Import Request.
  Time since last request: 0.094813 seconds.
  path: Assets/Mocapot/Fantasy Tileset/Sprites/isometric-object_bonfire_01.png
  artifactKey: Guid(1564339300f050843afdc40d75bc1907) Importer(815301076,1909f56bfc062723c751e8b465ee728b)
Start importing Assets/Mocapot/Fantasy Tileset/Sprites/isometric-object_bonfire_01.png using Guid(1564339300f050843afdc40d75bc1907) Importer(815301076,1909f56bfc062723c751e8b465ee728b)  -> (artifact id: 'f43d3469044eb664a467a60465a5d879') in 0.005367 seconds
Number of updated asset objects reloaded before import = 0
Number of asset objects unloaded after import = 3
========================================================================
Received Import Request.
  Time since last request: 0.012939 seconds.
  path: Assets/Mocapot/Fantasy Tileset/Sprites/isometric-object_church_02.png
  artifactKey: Guid(bdecda3828c57bc439cb2b9fb9c41026) Importer(815301076,1909f56bfc062723c751e8b465ee728b)
Start importing Assets/Mocapot/Fantasy Tileset/Sprites/isometric-object_church_02.png using Guid(bdecda3828c57bc439cb2b9fb9c41026) Importer(815301076,1909f56bfc062723c751e8b465ee728b)  -> (artifact id: 'b494728d31384395bc51dac7b652b3b5') in 0.008181 seconds
Number of updated asset objects reloaded before import = 0
Number of asset objects unloaded after import = 3
========================================================================
Received Import Request.
  Time since last request: 0.000012 seconds.
  path: Assets/Mocapot/Fantasy Tileset/Sprites/isometric-object_box_01.png
  artifactKey: Guid(33887f9e212abb9438aa77c0e82e0704) Importer(815301076,1909f56bfc062723c751e8b465ee728b)
Start importing Assets/Mocapot/Fantasy Tileset/Sprites/isometric-object_box_01.png using Guid(33887f9e212abb9438aa77c0e82e0704) Importer(815301076,1909f56bfc062723c751e8b465ee728b)  -> (artifact id: 'db41f138c491ccd1a1e46b35cb827632') in 0.007800 seconds
Number of updated asset objects reloaded before import = 0
Number of asset objects unloaded after import = 3
========================================================================
Received Import Request.
  Time since last request: 0.000012 seconds.
  path: Assets/Mocapot/Fantasy Tileset/Sprites/isometric-object_cart_01.png
  artifactKey: Guid(8033bd8b5e0fbde4e8a8bc0b407b5026) Importer(815301076,1909f56bfc062723c751e8b465ee728b)
Start importing Assets/Mocapot/Fantasy Tileset/Sprites/isometric-object_cart_01.png using Guid(8033bd8b5e0fbde4e8a8bc0b407b5026) Importer(815301076,1909f56bfc062723c751e8b465ee728b)  -> (artifact id: 'f71c9eba33ef0ad7c91965b85d5ade50') in 0.006835 seconds
Number of updated asset objects reloaded before import = 0
Number of asset objects unloaded after import = 3
========================================================================
Received Import Request.
  Time since last request: 0.003040 seconds.
  path: Assets/Mocapot/Fantasy Tileset/Sprites/isometric-object_fence_03.png
  artifactKey: Guid(5c7882d573964aa41b467a34f42606f5) Importer(815301076,1909f56bfc062723c751e8b465ee728b)
Start importing Assets/Mocapot/Fantasy Tileset/Sprites/isometric-object_fence_03.png using Guid(5c7882d573964aa41b467a34f42606f5) Importer(815301076,1909f56bfc062723c751e8b465ee728b)  -> (artifact id: '16f8e3436be8a97b91254583fcfb9ad7') in 0.005666 seconds
Number of updated asset objects reloaded before import = 0
Number of asset objects unloaded after import = 3
========================================================================
Received Import Request.
  Time since last request: 0.000012 seconds.
  path: Assets/Mocapot/Fantasy Tileset/Sprites/isometric-object_fence_04.png
  artifactKey: Guid(5455598f3c091894ca11c59b19456ee0) Importer(815301076,1909f56bfc062723c751e8b465ee728b)
Start importing Assets/Mocapot/Fantasy Tileset/Sprites/isometric-object_fence_04.png using Guid(5455598f3c091894ca11c59b19456ee0) Importer(815301076,1909f56bfc062723c751e8b465ee728b)  -> (artifact id: '6904ca38032371f110dc908eaeb79c98') in 0.005869 seconds
Number of updated asset objects reloaded before import = 0
Number of asset objects unloaded after import = 3
========================================================================
Received Import Request.
  Time since last request: 0.181184 seconds.
  path: Assets/Mocapot/Fantasy Tileset/Sprites/isometric-object_house_01.png
  artifactKey: Guid(556c7d3076ee1c445b5dccbbb4ebd98a) Importer(815301076,1909f56bfc062723c751e8b465ee728b)
Start importing Assets/Mocapot/Fantasy Tileset/Sprites/isometric-object_house_01.png using Guid(556c7d3076ee1c445b5dccbbb4ebd98a) Importer(815301076,1909f56bfc062723c751e8b465ee728b)  -> (artifact id: '1c45e9a14d70d6a2ff0d71a3cc951733') in 0.008176 seconds
Number of updated asset objects reloaded before import = 0
Number of asset objects unloaded after import = 3
========================================================================
Received Import Request.
  Time since last request: 0.010813 seconds.
  path: Assets/Mocapot/Fantasy Tileset/Sprites/isometric-object_house_04.png
  artifactKey: Guid(0262c95c194707d4494d69060d680a78) Importer(815301076,1909f56bfc062723c751e8b465ee728b)
Start importing Assets/Mocapot/Fantasy Tileset/Sprites/isometric-object_house_04.png using Guid(0262c95c194707d4494d69060d680a78) Importer(815301076,1909f56bfc062723c751e8b465ee728b)  -> (artifact id: '5a9ee3906cab37f2c777a12cdea3ad58') in 0.009712 seconds
Number of updated asset objects reloaded before import = 0
Number of asset objects unloaded after import = 3
========================================================================
Received Import Request.
  Time since last request: 0.000050 seconds.
  path: Assets/Mocapot/Fantasy Tileset/Sprites/isometric-object_house_07.png
  artifactKey: Guid(3a059bf6688b27f4690dab14653c9f9e) Importer(815301076,1909f56bfc062723c751e8b465ee728b)
Start importing Assets/Mocapot/Fantasy Tileset/Sprites/isometric-object_house_07.png using Guid(3a059bf6688b27f4690dab14653c9f9e) Importer(815301076,1909f56bfc062723c751e8b465ee728b)  -> (artifact id: '28b9797532f7b159f56633449362777e') in 0.007321 seconds
Number of updated asset objects reloaded before import = 0
Number of asset objects unloaded after import = 3
========================================================================
Received Import Request.
  Time since last request: 0.012122 seconds.
  path: Assets/Mocapot/Fantasy Tileset/Sprites/isometric-object_plant_a_02.png
  artifactKey: Guid(eaf1ab39f580cff4abec37803834fe3e) Importer(815301076,1909f56bfc062723c751e8b465ee728b)
Start importing Assets/Mocapot/Fantasy Tileset/Sprites/isometric-object_plant_a_02.png using Guid(eaf1ab39f580cff4abec37803834fe3e) Importer(815301076,1909f56bfc062723c751e8b465ee728b)  -> (artifact id: '0f0e1be03a277064a8b301bbfad05c81') in 0.006183 seconds
Number of updated asset objects reloaded before import = 0
Number of asset objects unloaded after import = 3
========================================================================
Received Import Request.
  Time since last request: 0.000011 seconds.
  path: Assets/Mocapot/Fantasy Tileset/Sprites/isometric-object_plant_b_03.png
  artifactKey: Guid(c5c9178322f03954381082dd097ae485) Importer(815301076,1909f56bfc062723c751e8b465ee728b)
Start importing Assets/Mocapot/Fantasy Tileset/Sprites/isometric-object_plant_b_03.png using Guid(c5c9178322f03954381082dd097ae485) Importer(815301076,1909f56bfc062723c751e8b465ee728b)  -> (artifact id: '2e2696110d2eb9beb3d6d887faa0cfd6') in 0.005830 seconds
Number of updated asset objects reloaded before import = 0
Number of asset objects unloaded after import = 3
========================================================================
Received Import Request.
  Time since last request: 0.000009 seconds.
  path: Assets/Mocapot/Fantasy Tileset/Sprites/isometric-object_plant_a_03.png
  artifactKey: Guid(7c5c505c1dc53b741b25e6611805319d) Importer(815301076,1909f56bfc062723c751e8b465ee728b)
Start importing Assets/Mocapot/Fantasy Tileset/Sprites/isometric-object_plant_a_03.png using Guid(7c5c505c1dc53b741b25e6611805319d) Importer(815301076,1909f56bfc062723c751e8b465ee728b)  -> (artifact id: '8bfffe46cf1667643233f063790c86c4') in 0.006630 seconds
Number of updated asset objects reloaded before import = 0
Number of asset objects unloaded after import = 3
========================================================================
Received Import Request.
  Time since last request: 0.000038 seconds.
  path: Assets/Mocapot/Fantasy Tileset/Sprites/isometric-overlay_grass_b_16.png
  artifactKey: Guid(f63b4192f37cd7342a63318f300e64c5) Importer(815301076,1909f56bfc062723c751e8b465ee728b)
Start importing Assets/Mocapot/Fantasy Tileset/Sprites/isometric-overlay_grass_b_16.png using Guid(f63b4192f37cd7342a63318f300e64c5) Importer(815301076,1909f56bfc062723c751e8b465ee728b)  -> (artifact id: 'dbf00af6c31a21359b87f4ae5460cf93') in 0.005563 seconds
Number of updated asset objects reloaded before import = 0
Number of asset objects unloaded after import = 3
========================================================================
Received Import Request.
  Time since last request: 0.000011 seconds.
  path: Assets/Mocapot/Fantasy Tileset/Sprites/isometric-overlay_grass_c_05.png
  artifactKey: Guid(fa0510a9ae800364bab53547cfebc957) Importer(815301076,1909f56bfc062723c751e8b465ee728b)
Start importing Assets/Mocapot/Fantasy Tileset/Sprites/isometric-overlay_grass_c_05.png using Guid(fa0510a9ae800364bab53547cfebc957) Importer(815301076,1909f56bfc062723c751e8b465ee728b)  -> (artifact id: 'acdd9c05cbed3254ff02753b450dc9dd') in 0.005147 seconds
Number of updated asset objects reloaded before import = 0
Number of asset objects unloaded after import = 3
========================================================================
Received Import Request.
  Time since last request: 0.000009 seconds.
  path: Assets/Mocapot/Fantasy Tileset/Sprites/isometric-overlay_grass_c_03.png
  artifactKey: Guid(b2ac01220f9738f45929ba8c3cec72af) Importer(815301076,1909f56bfc062723c751e8b465ee728b)
Start importing Assets/Mocapot/Fantasy Tileset/Sprites/isometric-overlay_grass_c_03.png using Guid(b2ac01220f9738f45929ba8c3cec72af) Importer(815301076,1909f56bfc062723c751e8b465ee728b)  -> (artifact id: '22c1986c008697604568520e3d9a43ed') in 0.005141 seconds
Number of updated asset objects reloaded before import = 0
Number of asset objects unloaded after import = 3
========================================================================
Received Import Request.
  Time since last request: 0.000010 seconds.
  path: Assets/Mocapot/Fantasy Tileset/Sprites/isometric-overlay_grass_d_14.png
  artifactKey: Guid(78e98ccfda151e8489267cbee3a6bb13) Importer(815301076,1909f56bfc062723c751e8b465ee728b)
Start importing Assets/Mocapot/Fantasy Tileset/Sprites/isometric-overlay_grass_d_14.png using Guid(78e98ccfda151e8489267cbee3a6bb13) Importer(815301076,1909f56bfc062723c751e8b465ee728b)  -> (artifact id: '59505caa30870f0505527926ca083bbc') in 0.005259 seconds
Number of updated asset objects reloaded before import = 0
Number of asset objects unloaded after import = 3
========================================================================
Received Import Request.
  Time since last request: 0.000009 seconds.
  path: Assets/Mocapot/Fantasy Tileset/Sprites/isometric-overlay_grass_d_15.png
  artifactKey: Guid(bf6567723b7dded45bce3fb02cfdc1f0) Importer(815301076,1909f56bfc062723c751e8b465ee728b)
Start importing Assets/Mocapot/Fantasy Tileset/Sprites/isometric-overlay_grass_d_15.png using Guid(bf6567723b7dded45bce3fb02cfdc1f0) Importer(815301076,1909f56bfc062723c751e8b465ee728b)  -> (artifact id: 'dc767065424ed3905aeb440c53488adb') in 0.005448 seconds
Number of updated asset objects reloaded before import = 0
Number of asset objects unloaded after import = 3
========================================================================
Received Import Request.
  Time since last request: 0.000011 seconds.
  path: Assets/Mocapot/Fantasy Tileset/Sprites/isometric-overlay_grass_e_01.png
  artifactKey: Guid(06f9943764ce6a74a834b5a88ec165d0) Importer(815301076,1909f56bfc062723c751e8b465ee728b)
Start importing Assets/Mocapot/Fantasy Tileset/Sprites/isometric-overlay_grass_e_01.png using Guid(06f9943764ce6a74a834b5a88ec165d0) Importer(815301076,1909f56bfc062723c751e8b465ee728b)  -> (artifact id: '2b64a58b8fbf281f3bb56bf8bc95f415') in 0.004964 seconds
Number of updated asset objects reloaded before import = 0
Number of asset objects unloaded after import = 3
========================================================================
Received Import Request.
  Time since last request: 0.000011 seconds.
  path: Assets/Mocapot/Fantasy Tileset/Sprites/isometric-tile_brick_01_line_02.png
  artifactKey: Guid(69f685ec82ab97b44825021f238f847f) Importer(815301076,1909f56bfc062723c751e8b465ee728b)
Start importing Assets/Mocapot/Fantasy Tileset/Sprites/isometric-tile_brick_01_line_02.png using Guid(69f685ec82ab97b44825021f238f847f) Importer(815301076,1909f56bfc062723c751e8b465ee728b)  -> (artifact id: '24e5d64c3c9940aae06776aac5b05fde') in 0.005960 seconds
Number of updated asset objects reloaded before import = 0
Number of asset objects unloaded after import = 3
========================================================================
Received Import Request.
  Time since last request: 0.000010 seconds.
  path: Assets/Mocapot/Fantasy Tileset/Sprites/isometric-tile_brick_01_line_06.png
  artifactKey: Guid(2e08f3241cd48f74a98be8af80f0b55d) Importer(815301076,1909f56bfc062723c751e8b465ee728b)
Start importing Assets/Mocapot/Fantasy Tileset/Sprites/isometric-tile_brick_01_line_06.png using Guid(2e08f3241cd48f74a98be8af80f0b55d) Importer(815301076,1909f56bfc062723c751e8b465ee728b)  -> (artifact id: '30a7cfe858b94245cdf564c4207f6ce5') in 0.005947 seconds
Number of updated asset objects reloaded before import = 0
Number of asset objects unloaded after import = 3
========================================================================
Received Import Request.
  Time since last request: 0.000010 seconds.
  path: Assets/Mocapot/Fantasy Tileset/Sprites/isometric-tile_bridge_log_01.png
  artifactKey: Guid(3cc8446c7ec01c94faa8329dad31b7ce) Importer(815301076,1909f56bfc062723c751e8b465ee728b)
Start importing Assets/Mocapot/Fantasy Tileset/Sprites/isometric-tile_bridge_log_01.png using Guid(3cc8446c7ec01c94faa8329dad31b7ce) Importer(815301076,1909f56bfc062723c751e8b465ee728b)  -> (artifact id: 'a182aa24e68d716d35a2b5941e767e11') in 0.006600 seconds
Number of updated asset objects reloaded before import = 0
Number of asset objects unloaded after import = 3
========================================================================
Received Import Request.
  Time since last request: 0.000202 seconds.
  path: Assets/Mocapot/Fantasy Tileset/Sprites/isometric-tile_brick_01_line_11.png
  artifactKey: Guid(699a59216da00dc41aaf5ea31dc7be0e) Importer(815301076,1909f56bfc062723c751e8b465ee728b)
Start importing Assets/Mocapot/Fantasy Tileset/Sprites/isometric-tile_brick_01_line_11.png using Guid(699a59216da00dc41aaf5ea31dc7be0e) Importer(815301076,1909f56bfc062723c751e8b465ee728b)  -> (artifact id: '2e4710b2d3c52e8fd7cc7375e28aacb2') in 0.006207 seconds
Number of updated asset objects reloaded before import = 0
Number of asset objects unloaded after import = 3
========================================================================
Received Import Request.
  Time since last request: 0.000011 seconds.
  path: Assets/Mocapot/Fantasy Tileset/Sprites/isometric-tile_brick_01_line_03.png
  artifactKey: Guid(56284b3911ed260498611a31a546553f) Importer(815301076,1909f56bfc062723c751e8b465ee728b)
Start importing Assets/Mocapot/Fantasy Tileset/Sprites/isometric-tile_brick_01_line_03.png using Guid(56284b3911ed260498611a31a546553f) Importer(815301076,1909f56bfc062723c751e8b465ee728b)  -> (artifact id: '8409dfae8f89c3cd06605db9ff8edc87') in 0.006171 seconds
Number of updated asset objects reloaded before import = 0
Number of asset objects unloaded after import = 3
========================================================================
Received Import Request.
  Time since last request: 0.000013 seconds.
  path: Assets/Mocapot/Fantasy Tileset/Sprites/isometric-overlay_grass_c_04.png
  artifactKey: Guid(1845e52f0ed178540abf81dce1466488) Importer(815301076,1909f56bfc062723c751e8b465ee728b)
Start importing Assets/Mocapot/Fantasy Tileset/Sprites/isometric-overlay_grass_c_04.png using Guid(1845e52f0ed178540abf81dce1466488) Importer(815301076,1909f56bfc062723c751e8b465ee728b)  -> (artifact id: 'c9aa8b45909a3778668bbfceb1bb3c59') in 0.005122 seconds
Number of updated asset objects reloaded before import = 0
Number of asset objects unloaded after import = 3
========================================================================
Received Import Request.
  Time since last request: 0.000010 seconds.
  path: Assets/Mocapot/Fantasy Tileset/Sprites/isometric-tile_brick_01_line_12.png
  artifactKey: Guid(d0ca01eb9f800814492f9af03ea0a9b2) Importer(815301076,1909f56bfc062723c751e8b465ee728b)
Start importing Assets/Mocapot/Fantasy Tileset/Sprites/isometric-tile_brick_01_line_12.png using Guid(d0ca01eb9f800814492f9af03ea0a9b2) Importer(815301076,1909f56bfc062723c751e8b465ee728b)  -> (artifact id: 'a745468197f1d2152000b54e9a95874b') in 0.005741 seconds
Number of updated asset objects reloaded before import = 0
Number of asset objects unloaded after import = 3
========================================================================
Received Import Request.
  Time since last request: 0.025539 seconds.
  path: Assets/Mocapot/Fantasy Tileset/Sprites/isometric-tile_ground_01_half.png
  artifactKey: Guid(1bf3596cdec37684e897622bc078053a) Importer(815301076,1909f56bfc062723c751e8b465ee728b)
Start importing Assets/Mocapot/Fantasy Tileset/Sprites/isometric-tile_ground_01_half.png using Guid(1bf3596cdec37684e897622bc078053a) Importer(815301076,1909f56bfc062723c751e8b465ee728b)  -> (artifact id: '83a42f94cebf0da23f2e449add6512e2') in 0.005981 seconds
Number of updated asset objects reloaded before import = 0
Number of asset objects unloaded after import = 3
========================================================================
Received Import Request.
  Time since last request: 0.000066 seconds.
  path: Assets/Mocapot/Fantasy Tileset/Sprites/isometric-tile_ground_04.png
  artifactKey: Guid(d1a4ad64e9c5c444c9f48a55625c90f2) Importer(815301076,1909f56bfc062723c751e8b465ee728b)
Start importing Assets/Mocapot/Fantasy Tileset/Sprites/isometric-tile_ground_04.png using Guid(d1a4ad64e9c5c444c9f48a55625c90f2) Importer(815301076,1909f56bfc062723c751e8b465ee728b)  -> (artifact id: '7ef181d43080c32ce5b348da321f498e') in 0.006432 seconds
Number of updated asset objects reloaded before import = 0
Number of asset objects unloaded after import = 3
========================================================================
Received Import Request.
  Time since last request: 0.048699 seconds.
  path: Assets/Mocapot/Fantasy Tileset/Sprites/isometric-tile_lava_10.png
  artifactKey: Guid(c6916e21fc8099546971112325670cf7) Importer(815301076,1909f56bfc062723c751e8b465ee728b)
Start importing Assets/Mocapot/Fantasy Tileset/Sprites/isometric-tile_lava_10.png using Guid(c6916e21fc8099546971112325670cf7) Importer(815301076,1909f56bfc062723c751e8b465ee728b)  -> (artifact id: 'f372cd266f61e757468440d2eff2a61e') in 0.005918 seconds
Number of updated asset objects reloaded before import = 0
Number of asset objects unloaded after import = 3
========================================================================
Received Import Request.
  Time since last request: 0.000009 seconds.
  path: Assets/Mocapot/Fantasy Tileset/Sprites/isometric-tile_lava_34.png
  artifactKey: Guid(0cf36762da00b034ca24abf31ec35e42) Importer(815301076,1909f56bfc062723c751e8b465ee728b)
Start importing Assets/Mocapot/Fantasy Tileset/Sprites/isometric-tile_lava_34.png using Guid(0cf36762da00b034ca24abf31ec35e42) Importer(815301076,1909f56bfc062723c751e8b465ee728b)  -> (artifact id: '2b74d385d5632bbe0fc0079a5bcc2395') in 0.006547 seconds
Number of updated asset objects reloaded before import = 0
Number of asset objects unloaded after import = 3
========================================================================
Received Import Request.
  Time since last request: 0.000009 seconds.
  path: Assets/Mocapot/Fantasy Tileset/Sprites/isometric-tile_lava_41.png
  artifactKey: Guid(dc810c44564a96a46bc284a3884a1ed6) Importer(815301076,1909f56bfc062723c751e8b465ee728b)
Start importing Assets/Mocapot/Fantasy Tileset/Sprites/isometric-tile_lava_41.png using Guid(dc810c44564a96a46bc284a3884a1ed6) Importer(815301076,1909f56bfc062723c751e8b465ee728b)  -> (artifact id: '7c2f83df18ffdd9227acd7e9958ddbfa') in 0.005253 seconds
Number of updated asset objects reloaded before import = 0
Number of asset objects unloaded after import = 3
========================================================================
Received Import Request.
  Time since last request: 0.000011 seconds.
  path: Assets/Mocapot/Fantasy Tileset/Sprites/isometric-tile_lava_42.png
  artifactKey: Guid(720d34bf7510be542a47baf3c83f7d34) Importer(815301076,1909f56bfc062723c751e8b465ee728b)
Start importing Assets/Mocapot/Fantasy Tileset/Sprites/isometric-tile_lava_42.png using Guid(720d34bf7510be542a47baf3c83f7d34) Importer(815301076,1909f56bfc062723c751e8b465ee728b)  -> (artifact id: '027384f05052fc4a2a5ffed4f44fa504') in 0.005678 seconds
Number of updated asset objects reloaded before import = 0
Number of asset objects unloaded after import = 3
========================================================================
Received Import Request.
  Time since last request: 0.000097 seconds.
  path: Assets/Mocapot/Fantasy Tileset/Sprites/isometric-tile_lava_38.png
  artifactKey: Guid(060d8fde8e3bac64098b87f9bd2d3378) Importer(815301076,1909f56bfc062723c751e8b465ee728b)
Start importing Assets/Mocapot/Fantasy Tileset/Sprites/isometric-tile_lava_38.png using Guid(060d8fde8e3bac64098b87f9bd2d3378) Importer(815301076,1909f56bfc062723c751e8b465ee728b)  -> (artifact id: '22caaa206450999d8bebdc1fb577fa30') in 0.006031 seconds
Number of updated asset objects reloaded before import = 0
Number of asset objects unloaded after import = 3
========================================================================
Received Import Request.
  Time since last request: 0.000095 seconds.
  path: Assets/Mocapot/Fantasy Tileset/Sprites/isometric-tile_lava_45.png
  artifactKey: Guid(52c42a5ca57147f4bb7e4a3ecd832021) Importer(815301076,1909f56bfc062723c751e8b465ee728b)
Start importing Assets/Mocapot/Fantasy Tileset/Sprites/isometric-tile_lava_45.png using Guid(52c42a5ca57147f4bb7e4a3ecd832021) Importer(815301076,1909f56bfc062723c751e8b465ee728b)  -> (artifact id: 'deec9fc903917b197c05394f0213c4e9') in 0.005231 seconds
Number of updated asset objects reloaded before import = 0
Number of asset objects unloaded after import = 3
========================================================================
Received Import Request.
  Time since last request: 0.000009 seconds.
  path: Assets/Mocapot/Fantasy Tileset/Sprites/isometric-tile_lava_44.png
  artifactKey: Guid(f47df5bf28f698843a6664fe5902e57d) Importer(815301076,1909f56bfc062723c751e8b465ee728b)
Start importing Assets/Mocapot/Fantasy Tileset/Sprites/isometric-tile_lava_44.png using Guid(f47df5bf28f698843a6664fe5902e57d) Importer(815301076,1909f56bfc062723c751e8b465ee728b)  -> (artifact id: '06527ae495ec2f4ef502d1643d563f13') in 0.005337 seconds
Number of updated asset objects reloaded before import = 0
Number of asset objects unloaded after import = 3
========================================================================
Received Import Request.
  Time since last request: 0.000011 seconds.
  path: Assets/Mocapot/Fantasy Tileset/Sprites/isometric-tile_stone_02.png
  artifactKey: Guid(d18ea4caa6b498549b1644ce0493302c) Importer(815301076,1909f56bfc062723c751e8b465ee728b)
Start importing Assets/Mocapot/Fantasy Tileset/Sprites/isometric-tile_stone_02.png using Guid(d18ea4caa6b498549b1644ce0493302c) Importer(815301076,1909f56bfc062723c751e8b465ee728b)  -> (artifact id: '44d08051bda6631cfe10b1e587bda862') in 0.006307 seconds
Number of updated asset objects reloaded before import = 0
Number of asset objects unloaded after import = 3
========================================================================
Received Import Request.
  Time since last request: 0.000011 seconds.
  path: Assets/Mocapot/Fantasy Tileset/Sprites/isometric-tile_stone_03.png
  artifactKey: Guid(b341ac5d659dc8941918010440336fd9) Importer(815301076,1909f56bfc062723c751e8b465ee728b)
Start importing Assets/Mocapot/Fantasy Tileset/Sprites/isometric-tile_stone_03.png using Guid(b341ac5d659dc8941918010440336fd9) Importer(815301076,1909f56bfc062723c751e8b465ee728b)  -> (artifact id: 'c0948b4c2e12883534f6725c5d46cff2') in 0.006132 seconds
Number of updated asset objects reloaded before import = 0
Number of asset objects unloaded after import = 3
========================================================================
Received Import Request.
  Time since last request: 0.000011 seconds.
  path: Assets/Mocapot/Fantasy Tileset/Sprites/isometric-tile_water_04.png
  artifactKey: Guid(6f0bbed49b9143f4b91ceebb54bd7e35) Importer(815301076,1909f56bfc062723c751e8b465ee728b)
Start importing Assets/Mocapot/Fantasy Tileset/Sprites/isometric-tile_water_04.png using Guid(6f0bbed49b9143f4b91ceebb54bd7e35) Importer(815301076,1909f56bfc062723c751e8b465ee728b)  -> (artifact id: '2a7a9f4fa4ccbb164c675bb21eace3cf') in 0.005777 seconds
Number of updated asset objects reloaded before import = 0
Number of asset objects unloaded after import = 3
========================================================================
Received Import Request.
  Time since last request: 0.000010 seconds.
  path: Assets/Mocapot/Fantasy Tileset/Sprites/isometric-tile_water_00.png
  artifactKey: Guid(1f3a6e42994be0e46b0b0447b409ff14) Importer(815301076,1909f56bfc062723c751e8b465ee728b)
Start importing Assets/Mocapot/Fantasy Tileset/Sprites/isometric-tile_water_00.png using Guid(1f3a6e42994be0e46b0b0447b409ff14) Importer(815301076,1909f56bfc062723c751e8b465ee728b)  -> (artifact id: '4ed859ef97c1b30a49837ae4e338b7ba') in 0.007179 seconds
Number of updated asset objects reloaded before import = 0
Number of asset objects unloaded after import = 3
========================================================================
Received Import Request.
  Time since last request: 0.000009 seconds.
  path: Assets/Mocapot/Fantasy Tileset/Sprites/isometric-tile_water_07.png
  artifactKey: Guid(a44954c0ae5d51048969bcc2f2e1d1d3) Importer(815301076,1909f56bfc062723c751e8b465ee728b)
Start importing Assets/Mocapot/Fantasy Tileset/Sprites/isometric-tile_water_07.png using Guid(a44954c0ae5d51048969bcc2f2e1d1d3) Importer(815301076,1909f56bfc062723c751e8b465ee728b)  -> (artifact id: '63507b1138481884a30bd1de2843e754') in 0.006160 seconds
Number of updated asset objects reloaded before import = 0
Number of asset objects unloaded after import = 3
========================================================================
Received Import Request.
  Time since last request: 0.000011 seconds.
  path: Assets/Mocapot/Fantasy Tileset/Sprites/isometric-tile_water_12.png
  artifactKey: Guid(3e33ec83eb18e51448a9465564d79881) Importer(815301076,1909f56bfc062723c751e8b465ee728b)
Start importing Assets/Mocapot/Fantasy Tileset/Sprites/isometric-tile_water_12.png using Guid(3e33ec83eb18e51448a9465564d79881) Importer(815301076,1909f56bfc062723c751e8b465ee728b)  -> (artifact id: '3f1ccda013a63e6d40da9ae7448daf77') in 0.005638 seconds
Number of updated asset objects reloaded before import = 0
Number of asset objects unloaded after import = 3
========================================================================
Received Import Request.
  Time since last request: 0.000010 seconds.
  path: Assets/Mocapot/Fantasy Tileset/Sprites/isometric-tile_water_10.png
  artifactKey: Guid(12ca8b5aec1430743bafe79131a06131) Importer(815301076,1909f56bfc062723c751e8b465ee728b)
Start importing Assets/Mocapot/Fantasy Tileset/Sprites/isometric-tile_water_10.png using Guid(12ca8b5aec1430743bafe79131a06131) Importer(815301076,1909f56bfc062723c751e8b465ee728b)  -> (artifact id: 'f35e932eecb5cef988af099d7698f5ba') in 0.005211 seconds
Number of updated asset objects reloaded before import = 0
Number of asset objects unloaded after import = 3
========================================================================
Received Import Request.
  Time since last request: 0.000016 seconds.
  path: Assets/Mocapot/Fantasy Tileset/Sprites/isometric-tile_water_37.png
  artifactKey: Guid(f0c066e6e8be44246a8250c706e42954) Importer(815301076,1909f56bfc062723c751e8b465ee728b)
Start importing Assets/Mocapot/Fantasy Tileset/Sprites/isometric-tile_water_37.png using Guid(f0c066e6e8be44246a8250c706e42954) Importer(815301076,1909f56bfc062723c751e8b465ee728b)  -> (artifact id: '65225104427edab297da62243f93ed8e') in 0.005870 seconds
Number of updated asset objects reloaded before import = 0
Number of asset objects unloaded after import = 3
========================================================================
Received Import Request.
  Time since last request: 0.000106 seconds.
  path: Assets/Mocapot/Fantasy Tileset/Sprites/isometric-tile_water_36.png
  artifactKey: Guid(5284294365783c24ea77c40e60111e57) Importer(815301076,1909f56bfc062723c751e8b465ee728b)
Start importing Assets/Mocapot/Fantasy Tileset/Sprites/isometric-tile_water_36.png using Guid(5284294365783c24ea77c40e60111e57) Importer(815301076,1909f56bfc062723c751e8b465ee728b)  -> (artifact id: '7f31610ed3d93ff6631a7359de57dfc3') in 0.005666 seconds
Number of updated asset objects reloaded before import = 0
Number of asset objects unloaded after import = 3
========================================================================
Received Import Request.
  Time since last request: 0.000009 seconds.
  path: Assets/Mocapot/Fantasy Tileset/Sprites/isometric-tile_water_deep_09.png
  artifactKey: Guid(99955a543fd562643a45705fe694588e) Importer(815301076,1909f56bfc062723c751e8b465ee728b)
Start importing Assets/Mocapot/Fantasy Tileset/Sprites/isometric-tile_water_deep_09.png using Guid(99955a543fd562643a45705fe694588e) Importer(815301076,1909f56bfc062723c751e8b465ee728b)  -> (artifact id: '66620262ef4acf17808d6b692a0f232d') in 0.006351 seconds
Number of updated asset objects reloaded before import = 0
Number of asset objects unloaded after import = 3
========================================================================
Received Import Request.
  Time since last request: 0.000010 seconds.
  path: Assets/Mocapot/Fantasy Tileset/Sprites/isometric-tile_water_deep_10.png
  artifactKey: Guid(999015de91d68e742a85bca7f67e9abb) Importer(815301076,1909f56bfc062723c751e8b465ee728b)
Start importing Assets/Mocapot/Fantasy Tileset/Sprites/isometric-tile_water_deep_10.png using Guid(999015de91d68e742a85bca7f67e9abb) Importer(815301076,1909f56bfc062723c751e8b465ee728b)  -> (artifact id: 'f5196270202655342e667f2c3b9ed981') in 0.005237 seconds
Number of updated asset objects reloaded before import = 0
Number of asset objects unloaded after import = 3
========================================================================
Received Import Request.
  Time since last request: 0.000011 seconds.
  path: Assets/Mocapot/Fantasy Tileset/Sprites/isometric-tile_water_deep_25.png
  artifactKey: Guid(e475fdb5f5c977243b94097baa3cc507) Importer(815301076,1909f56bfc062723c751e8b465ee728b)
Start importing Assets/Mocapot/Fantasy Tileset/Sprites/isometric-tile_water_deep_25.png using Guid(e475fdb5f5c977243b94097baa3cc507) Importer(815301076,1909f56bfc062723c751e8b465ee728b)  -> (artifact id: '52f1caa2d7699b3214c814e71b2f37c5') in 0.005627 seconds
Number of updated asset objects reloaded before import = 0
Number of asset objects unloaded after import = 3
========================================================================
Received Import Request.
  Time since last request: 0.000010 seconds.
  path: Assets/Mocapot/Fantasy Tileset/Sprites/isometric-tile_water_deep_26.png
  artifactKey: Guid(ffdb6a5b5a8d3cf4cbdc0d1e8376d526) Importer(815301076,1909f56bfc062723c751e8b465ee728b)
Start importing Assets/Mocapot/Fantasy Tileset/Sprites/isometric-tile_water_deep_26.png using Guid(ffdb6a5b5a8d3cf4cbdc0d1e8376d526) Importer(815301076,1909f56bfc062723c751e8b465ee728b)  -> (artifact id: '92423c463e4050d88587bc3f3bb3d705') in 0.005103 seconds
Number of updated asset objects reloaded before import = 0
Number of asset objects unloaded after import = 3
========================================================================
Received Import Request.
  Time since last request: 0.000009 seconds.
  path: Assets/Mocapot/Fantasy Tileset/Sprites/isometric-tile_water_deep_23.png
  artifactKey: Guid(441957e900dad664688f855813258d4d) Importer(815301076,1909f56bfc062723c751e8b465ee728b)
Start importing Assets/Mocapot/Fantasy Tileset/Sprites/isometric-tile_water_deep_23.png using Guid(441957e900dad664688f855813258d4d) Importer(815301076,1909f56bfc062723c751e8b465ee728b)  -> (artifact id: '28517479f86c60c75b51454507e0210b') in 0.005180 seconds
Number of updated asset objects reloaded before import = 0
Number of asset objects unloaded after import = 3
========================================================================
Received Import Request.
  Time since last request: 0.000011 seconds.
  path: Assets/Mocapot/Fantasy Tileset/Sprites/isometric-tile_water_02.png
  artifactKey: Guid(ba943ceffd4fda64aafafb8bbbd441f4) Importer(815301076,1909f56bfc062723c751e8b465ee728b)
Start importing Assets/Mocapot/Fantasy Tileset/Sprites/isometric-tile_water_02.png using Guid(ba943ceffd4fda64aafafb8bbbd441f4) Importer(815301076,1909f56bfc062723c751e8b465ee728b)  -> (artifact id: 'e20cbce91cf2897bd00a77d1fa218eab') in 0.006512 seconds
Number of updated asset objects reloaded before import = 0
Number of asset objects unloaded after import = 3
========================================================================
Received Import Request.
  Time since last request: 0.000012 seconds.
  path: Assets/Mocapot/Fantasy Tileset/Sprites/isometric-tile_water_38.png
  artifactKey: Guid(58748fc1707c21542afb036ca76504e3) Importer(815301076,1909f56bfc062723c751e8b465ee728b)
Start importing Assets/Mocapot/Fantasy Tileset/Sprites/isometric-tile_water_38.png using Guid(58748fc1707c21542afb036ca76504e3) Importer(815301076,1909f56bfc062723c751e8b465ee728b)  -> (artifact id: '2d74c175856479ef2a1f87ab49618459') in 0.005223 seconds
Number of updated asset objects reloaded before import = 0
Number of asset objects unloaded after import = 3
========================================================================
Received Import Request.
  Time since last request: 0.000012 seconds.
  path: Assets/Mocapot/Fantasy Tileset/Sprites/isometric-tile_stone_01.png
  artifactKey: Guid(0213912b644cb65439bee180f7fec163) Importer(815301076,1909f56bfc062723c751e8b465ee728b)
Start importing Assets/Mocapot/Fantasy Tileset/Sprites/isometric-tile_stone_01.png using Guid(0213912b644cb65439bee180f7fec163) Importer(815301076,1909f56bfc062723c751e8b465ee728b)  -> (artifact id: '95f485ea0cbe35499c359fcc22259e86') in 0.006162 seconds
Number of updated asset objects reloaded before import = 0
Number of asset objects unloaded after import = 3
========================================================================
Received Import Request.
  Time since last request: 0.000011 seconds.
  path: Assets/Mocapot/Fantasy Tileset/Sprites/isometric-tile_lava_46.png
  artifactKey: Guid(90d8d54a8ab60814f88ca12d3621ce76) Importer(815301076,1909f56bfc062723c751e8b465ee728b)
Start importing Assets/Mocapot/Fantasy Tileset/Sprites/isometric-tile_lava_46.png using Guid(90d8d54a8ab60814f88ca12d3621ce76) Importer(815301076,1909f56bfc062723c751e8b465ee728b)  -> (artifact id: '1ecec01a434f94400d5c648d41558b23') in 0.005676 seconds
Number of updated asset objects reloaded before import = 0
Number of asset objects unloaded after import = 3
========================================================================
Received Import Request.
  Time since last request: 0.000011 seconds.
  path: Assets/Mocapot/Fantasy Tileset/Sprites/isometric-tile_water_32.png
  artifactKey: Guid(2061e64e985e34743a022a86829660b5) Importer(815301076,1909f56bfc062723c751e8b465ee728b)
Start importing Assets/Mocapot/Fantasy Tileset/Sprites/isometric-tile_water_32.png using Guid(2061e64e985e34743a022a86829660b5) Importer(815301076,1909f56bfc062723c751e8b465ee728b)  -> (artifact id: '2ecdf98aea59c483f668132c37fb303b') in 0.005201 seconds
Number of updated asset objects reloaded before import = 0
Number of asset objects unloaded after import = 3
========================================================================
Received Import Request.
  Time since last request: 0.025953 seconds.
  path: Assets/Mocapot/Fantasy Tileset/Sprites/isometric-tile_water_deep_42.png
  artifactKey: Guid(1b69e9a48a65cdd469877afe606cd6f8) Importer(815301076,1909f56bfc062723c751e8b465ee728b)
Start importing Assets/Mocapot/Fantasy Tileset/Sprites/isometric-tile_water_deep_42.png using Guid(1b69e9a48a65cdd469877afe606cd6f8) Importer(815301076,1909f56bfc062723c751e8b465ee728b)  -> (artifact id: '7264a383df61446908c83068ed53eb48') in 0.005401 seconds
Number of updated asset objects reloaded before import = 0
Number of asset objects unloaded after import = 3
========================================================================
Received Import Request.
  Time since last request: 0.000010 seconds.
  path: Assets/Mocapot/Fantasy Tileset/Sprites/isometric-tile_water_deep_46.png
  artifactKey: Guid(9af82a0115f1bb641a8ca1b906c2fc55) Importer(815301076,1909f56bfc062723c751e8b465ee728b)
Start importing Assets/Mocapot/Fantasy Tileset/Sprites/isometric-tile_water_deep_46.png using Guid(9af82a0115f1bb641a8ca1b906c2fc55) Importer(815301076,1909f56bfc062723c751e8b465ee728b)  -> (artifact id: 'd62b589ab5196d1d4524bcb53921cd60') in 0.005927 seconds
Number of updated asset objects reloaded before import = 0
Number of asset objects unloaded after import = 3
========================================================================
Received Import Request.
  Time since last request: 0.000010 seconds.
  path: Assets/Mocapot/Fantasy Tileset/Sprites/isometric-tile_water_deep_44.png
  artifactKey: Guid(469bf6401f8ef304bb98aa2331224d6f) Importer(815301076,1909f56bfc062723c751e8b465ee728b)
Start importing Assets/Mocapot/Fantasy Tileset/Sprites/isometric-tile_water_deep_44.png using Guid(469bf6401f8ef304bb98aa2331224d6f) Importer(815301076,1909f56bfc062723c751e8b465ee728b)  -> (artifact id: 'b207b306e2af5f9fdd210568957a6b25') in 0.005368 seconds
Number of updated asset objects reloaded before import = 0
Number of asset objects unloaded after import = 3
Editor requested this worker to shutdown with reason: Scaling down because of idle timeout
TcpMessagingSession - receive error: operation aborted. errorcode: 125, details: Operation aborted.
AssetImportWorker is now disconnected from the server
Process exiting
